build/app/intermediates/manifest_merge_blame_file/debug/manifest-merger-blame-debug-report.txt
1<?xml version="1.0" encoding="utf-8"?>
2<manifest xmlns:android="http://schemas.android.com/apk/res/android"
3    package="com.example.food_recipe_project"
4    android:versionCode="1"
5    android:versionName="1.0.0" >
6
7    <uses-sdk
8        android:minSdkVersion="16"
9        android:targetSdkVersion="31" />
10    <!--
11         The INTERNET permission is required for development. Specifically,
12         the Flutter tool needs it to communicate with the running application
13         to allow setting breakpoints, to provide hot reload, etc.
14    -->
15    <uses-permission android:name="android.permission.INTERNET" />
15-->src\debug\AndroidManifest.xml:7:5-66
15-->src\debug\AndroidManifest.xml:7:22-64
16    <uses-permission android:name="android.permission.ACCESS_NETWORK_STATE" />
16-->[com.google.firebase:firebase-auth:21.0.8] AndroidManifest.xml:24:5-79
16-->[com.google.firebase:firebase-auth:21.0.8] AndroidManifest.xml:24:22-76
17
18    <application
19        android:name="android.app.Application"
20        android:appComponentFactory="androidx.core.app.CoreComponentFactory"
20-->[androidx.core:core:1.6.0] AndroidManifest.xml:24:18-86
21        android:debuggable="true"
22        android:icon="@mipmap/ic_launcher"
23        android:label="onlyRecipes" >
24        <activity
25            android:name="com.example.food_recipe_project.MainActivity"
26            android:configChanges="orientation|keyboardHidden|keyboard|screenSize|smallestScreenSize|locale|layoutDirection|fontScale|screenLayout|density|uiMode"
27            android:exported="true"
28            android:hardwareAccelerated="true"
29            android:launchMode="singleTop"
30            android:theme="@style/LaunchTheme"
31            android:windowSoftInputMode="adjustResize" >
32
33            <!--
34                 Specifies an Android theme to apply to this Activity as soon as
35                 the Android process has started. This theme is visible to the user
36                 while the Flutter UI initializes. After that, this theme continues
37                 to determine the Window background behind the Flutter UI.
38            -->
39            <meta-data
40                android:name="io.flutter.embedding.android.NormalTheme"
41                android:resource="@style/NormalTheme" />
42
43            <intent-filter>
44                <action android:name="android.intent.action.MAIN" />
45
46                <category android:name="android.intent.category.LAUNCHER" />
47            </intent-filter>
48        </activity>
49        <!--
50             Don't delete the meta-data below.
51             This is used by the Flutter tool to generate GeneratedPluginRegistrant.java
52        -->
53        <meta-data
54            android:name="flutterEmbedding"
55            android:value="2" />
56
57        <service
57-->[:firebase_auth] AndroidManifest.xml:10:9-14:19
58            android:name="com.google.firebase.components.ComponentDiscoveryService"
58-->[:firebase_auth] AndroidManifest.xml:10:18-89
59            android:directBootAware="true"
59-->[com.google.firebase:firebase-common:20.1.2] AndroidManifest.xml:35:13-43
60            android:exported="false" >
60-->[com.google.firebase:firebase-auth:21.0.8] AndroidManifest.xml:66:13-37
61            <meta-data
61-->[:firebase_auth] AndroidManifest.xml:11:13-13:85
62                android:name="com.google.firebase.components:io.flutter.plugins.firebase.auth.FlutterFirebaseAuthRegistrar"
62-->[:firebase_auth] AndroidManifest.xml:12:17-124
63                android:value="com.google.firebase.components.ComponentRegistrar" />
63-->[:firebase_auth] AndroidManifest.xml:13:17-82
64            <meta-data
64-->[:firebase_core] AndroidManifest.xml:11:13-13:85
65                android:name="com.google.firebase.components:io.flutter.plugins.firebase.core.FlutterFirebaseCoreRegistrar"
65-->[:firebase_core] AndroidManifest.xml:12:17-124
66                android:value="com.google.firebase.components.ComponentRegistrar" />
66-->[:firebase_core] AndroidManifest.xml:13:17-82
67            <meta-data
67-->[com.google.firebase:firebase-auth:21.0.8] AndroidManifest.xml:67:13-69:85
68                android:name="com.google.firebase.components:com.google.firebase.auth.FirebaseAuthRegistrar"
68-->[com.google.firebase:firebase-auth:21.0.8] AndroidManifest.xml:68:17-109
69                android:value="com.google.firebase.components.ComponentRegistrar" />
69-->[com.google.firebase:firebase-auth:21.0.8] AndroidManifest.xml:69:17-82
70        </service>
71
72        <activity
72-->[:url_launcher_android] AndroidManifest.xml:10:9-13:74
73            android:name="io.flutter.plugins.urllauncher.WebViewActivity"
73-->[:url_launcher_android] AndroidManifest.xml:11:13-74
74            android:exported="false"
74-->[:url_launcher_android] AndroidManifest.xml:12:13-37
75            android:theme="@android:style/Theme.NoTitleBar.Fullscreen" />
75-->[:url_launcher_android] AndroidManifest.xml:13:13-71
76
77        <uses-library
77-->[androidx.window:window:1.0.0-beta04] AndroidManifest.xml:25:9-27:40
78            android:name="androidx.window.extensions"
78-->[androidx.window:window:1.0.0-beta04] AndroidManifest.xml:26:13-54
79            android:required="false" />
79-->[androidx.window:window:1.0.0-beta04] AndroidManifest.xml:27:13-37
80        <uses-library
80-->[androidx.window:window:1.0.0-beta04] AndroidManifest.xml:28:9-30:40
81            android:name="androidx.window.sidecar"
81-->[androidx.window:window:1.0.0-beta04] AndroidManifest.xml:29:13-51
82            android:required="false" />
82-->[androidx.window:window:1.0.0-beta04] AndroidManifest.xml:30:13-37
83
84        <activity
84-->[com.google.firebase:firebase-auth:21.0.8] AndroidManifest.xml:27:9-44:20
85            android:name="com.google.firebase.auth.internal.GenericIdpActivity"
85-->[com.google.firebase:firebase-auth:21.0.8] AndroidManifest.xml:28:13-80
86            android:excludeFromRecents="true"
86-->[com.google.firebase:firebase-auth:21.0.8] AndroidManifest.xml:29:13-46
87            android:exported="true"
87-->[com.google.firebase:firebase-auth:21.0.8] AndroidManifest.xml:30:13-36
88            android:launchMode="singleTask"
88-->[com.google.firebase:firebase-auth:21.0.8] AndroidManifest.xml:31:13-44
89            android:theme="@android:style/Theme.Translucent.NoTitleBar" >
89-->[com.google.firebase:firebase-auth:21.0.8] AndroidManifest.xml:32:13-72
90            <intent-filter>
90-->[com.google.firebase:firebase-auth:21.0.8] AndroidManifest.xml:33:13-43:29
91                <action android:name="android.intent.action.VIEW" />
91-->[com.google.firebase:firebase-auth:21.0.8] AndroidManifest.xml:34:17-69
91-->[com.google.firebase:firebase-auth:21.0.8] AndroidManifest.xml:34:25-66
92
93                <category android:name="android.intent.category.DEFAULT" />
93-->[com.google.firebase:firebase-auth:21.0.8] AndroidManifest.xml:36:17-76
93-->[com.google.firebase:firebase-auth:21.0.8] AndroidManifest.xml:36:27-73
94                <category android:name="android.intent.category.BROWSABLE" />
94-->[com.google.firebase:firebase-auth:21.0.8] AndroidManifest.xml:37:17-78
94-->[com.google.firebase:firebase-auth:21.0.8] AndroidManifest.xml:37:27-75
95
96                <data
96-->[com.google.firebase:firebase-auth:21.0.8] AndroidManifest.xml:39:17-42:51
97                    android:host="firebase.auth"
97-->[com.google.firebase:firebase-auth:21.0.8] AndroidManifest.xml:40:21-49
98                    android:path="/"
98-->[com.google.firebase:firebase-auth:21.0.8] AndroidManifest.xml:41:21-37
99                    android:scheme="genericidp" />
99-->[com.google.firebase:firebase-auth:21.0.8] AndroidManifest.xml:42:21-48
100            </intent-filter>
101        </activity>
102        <activity
102-->[com.google.firebase:firebase-auth:21.0.8] AndroidManifest.xml:45:9-62:20
103            android:name="com.google.firebase.auth.internal.RecaptchaActivity"
103-->[com.google.firebase:firebase-auth:21.0.8] AndroidManifest.xml:46:13-79
104            android:excludeFromRecents="true"
104-->[com.google.firebase:firebase-auth:21.0.8] AndroidManifest.xml:47:13-46
105            android:exported="true"
105-->[com.google.firebase:firebase-auth:21.0.8] AndroidManifest.xml:48:13-36
106            android:launchMode="singleTask"
106-->[com.google.firebase:firebase-auth:21.0.8] AndroidManifest.xml:49:13-44
107            android:theme="@android:style/Theme.Translucent.NoTitleBar" >
107-->[com.google.firebase:firebase-auth:21.0.8] AndroidManifest.xml:50:13-72
108            <intent-filter>
108-->[com.google.firebase:firebase-auth:21.0.8] AndroidManifest.xml:51:13-61:29
109                <action android:name="android.intent.action.VIEW" />
109-->[com.google.firebase:firebase-auth:21.0.8] AndroidManifest.xml:34:17-69
109-->[com.google.firebase:firebase-auth:21.0.8] AndroidManifest.xml:34:25-66
110
111                <category android:name="android.intent.category.DEFAULT" />
111-->[com.google.firebase:firebase-auth:21.0.8] AndroidManifest.xml:36:17-76
111-->[com.google.firebase:firebase-auth:21.0.8] AndroidManifest.xml:36:27-73
112                <category android:name="android.intent.category.BROWSABLE" />
112-->[com.google.firebase:firebase-auth:21.0.8] AndroidManifest.xml:37:17-78
112-->[com.google.firebase:firebase-auth:21.0.8] AndroidManifest.xml:37:27-75
113
114                <data
114-->[com.google.firebase:firebase-auth:21.0.8] AndroidManifest.xml:39:17-42:51
115                    android:host="firebase.auth"
115-->[com.google.firebase:firebase-auth:21.0.8] AndroidManifest.xml:40:21-49
116                    android:path="/"
116-->[com.google.firebase:firebase-auth:21.0.8] AndroidManifest.xml:41:21-37
117                    android:scheme="recaptcha" />
117-->[com.google.firebase:firebase-auth:21.0.8] AndroidManifest.xml:42:21-48
118            </intent-filter>
119        </activity>
120
121        <provider
121-->[com.google.firebase:firebase-common:20.1.2] AndroidManifest.xml:26:9-31:39
122            android:name="com.google.firebase.provider.FirebaseInitProvider"
122-->[com.google.firebase:firebase-common:20.1.2] AndroidManifest.xml:27:13-77
123            android:authorities="com.example.food_recipe_project.firebaseinitprovider"
123-->[com.google.firebase:firebase-common:20.1.2] AndroidManifest.xml:28:13-72
124            android:directBootAware="true"
124-->[com.google.firebase:firebase-common:20.1.2] AndroidManifest.xml:29:13-43
125            android:exported="false"
125-->[com.google.firebase:firebase-common:20.1.2] AndroidManifest.xml:30:13-37
126            android:initOrder="100" />
126-->[com.google.firebase:firebase-common:20.1.2] AndroidManifest.xml:31:13-36
127
128        <activity
128-->[com.google.android.gms:play-services-base:17.1.0] AndroidManifest.xml:23:9-26:75
129            android:name="com.google.android.gms.common.api.GoogleApiActivity"
129-->[com.google.android.gms:play-services-base:17.1.0] AndroidManifest.xml:24:13-79
130            android:exported="false"
130-->[com.google.android.gms:play-services-base:17.1.0] AndroidManifest.xml:25:13-37
131            android:theme="@android:style/Theme.Translucent.NoTitleBar" />
131-->[com.google.android.gms:play-services-base:17.1.0] AndroidManifest.xml:26:13-72
132
133        <meta-data
133-->[com.google.android.gms:play-services-basement:18.1.0] AndroidManifest.xml:21:9-23:69
134            android:name="com.google.android.gms.version"
134-->[com.google.android.gms:play-services-basement:18.1.0] AndroidManifest.xml:22:13-58
135            android:value="@integer/google_play_services_version" />
135-->[com.google.android.gms:play-services-basement:18.1.0] AndroidManifest.xml:23:13-66
136    </application>
137
138</manifest>